빌드 시작: 2016-01-18 오후 4:21:22
     1>2 노드의 "C:\Users\채윤\documents\visual studio 2013\Projects\58\58\58.vcxproj" 프로젝트(Build 대상)입니다.
     1>ClCompile:
         C:\Program Files (x86)\Microsoft Visual Studio 12.0\VC\bin\CL.exe /c /ZI /nologo /W3 /WX- /sdl /Od /Oy- /D WIN32 /D _DEBUG /D _CONSOLE /D _LIB /D _UNICODE /D UNICODE /Gm /EHsc /RTC1 /MDd /GS /fp:precise /Zc:wchar_t /Zc:forScope /Fo"Debug\\" /Fd"Debug\vc120.pdb" /Gd /TC /analyze- /errorReport:prompt dvdInfoAccess.c dvdManager.c
         dvdManager.c
     1>c:\users\채윤\documents\visual studio 2013\projects\58\58\dvdmanager.c(91): warning C4013: 'GetCusPtrByID'이(가) 정의되지 않았습니다. extern은 int형을 반환하는 것으로 간주합니다.
     1>c:\users\채윤\documents\visual studio 2013\projects\58\58\dvdmanager.c(109): warning C4047: '함수' : 'cusInfo *'의 간접 참조 수준이 'int'과(와) 다릅니다.
     1>c:\users\채윤\documents\visual studio 2013\projects\58\58\dvdmanager.c(109): warning C4024: 'ShowCustomerInfo' : 형식 및 실제 매개 변수 1의 형식이 서로 다릅니다.
         dvdInfoAccess.c
         코드를 생성하고 있습니다...
       Link:
         C:\Program Files (x86)\Microsoft Visual Studio 12.0\VC\bin\link.exe /ERRORREPORT:PROMPT /OUT:"C:\Users\채윤\documents\visual studio 2013\Projects\58\Debug\58.exe" /INCREMENTAL /NOLOGO kernel32.lib user32.lib gdi32.lib winspool.lib comdlg32.lib advapi32.lib shell32.lib ole32.lib oleaut32.lib uuid.lib odbc32.lib odbccp32.lib /MANIFEST /MANIFESTUAC:"level='asInvoker' uiAccess='false'" /manifest:embed /DEBUG /PDB:"C:\Users\채윤\documents\visual studio 2013\Projects\58\Debug\58.pdb" /SUBSYSTEM:CONSOLE /TLBID:1 /DYNAMICBASE /NXCOMPAT /IMPLIB:"C:\Users\채윤\documents\visual studio 2013\Projects\58\Debug\58.lib" /MACHINE:X86 Debug\cusInfoAccess.obj
         Debug\cusManager.obj
         Debug\dvdInfoAccess.obj
         Debug\dvdManager.obj
         Debug\main.obj
         Debug\screenOut.obj
         58.vcxproj -> C:\Users\채윤\documents\visual studio 2013\Projects\58\Debug\58.exe
     1>"C:\Users\채윤\documents\visual studio 2013\Projects\58\58\58.vcxproj" 프로젝트를 빌드했습니다(Build 대상).

빌드했습니다.

경과 시간: 00:00:00.63
