빌드 시작: 2016-01-15 오전 9:56:13
     1>2 노드의 "C:\Users\채윤\Documents\Visual Studio 2013\Projects\55-3\팀플\팀플.vcxproj" 프로젝트(Build 대상)입니다.
     1>ClCompile:
         C:\Program Files (x86)\Microsoft Visual Studio 12.0\VC\bin\CL.exe /c /ZI /nologo /W3 /WX- /sdl /Od /Oy- /D WIN32 /D _DEBUG /D _CONSOLE /D _LIB /D _CRT_SECURE_NO_WARNINGS /D _UNICODE /D UNICODE /Gm /EHsc /RTC1 /MDd /GS /fp:precise /Zc:wchar_t /Zc:forScope /Fo"Debug\\" /Fd"Debug\vc120.pdb" /Gd /TC /analyze- /errorReport:prompt main.c selectMenu.c student.c
         student.c
     1>c:\users\채윤\documents\visual studio 2013\projects\55-3\팀플\student.c(5): warning C4013: 'malloc'이(가) 정의되지 않았습니다. extern은 int형을 반환하는 것으로 간주합니다.
     1>c:\users\채윤\documents\visual studio 2013\projects\55-3\팀플\student.c(5): warning C4047: '초기화 중' : 'STUDENT *'의 간접 참조 수준이 'int'과(와) 다릅니다.
     1>c:\users\채윤\documents\visual studio 2013\projects\55-3\팀플\student.c(7): warning C4028: 정식 매개 변수 3이(가) 선언과 다릅니다.
     1>c:\users\채윤\documents\visual studio 2013\projects\55-3\팀플\student.c(34): warning C4013: 'strcpy'이(가) 정의되지 않았습니다. extern은 int형을 반환하는 것으로 간주합니다.
     1>c:\users\채윤\documents\visual studio 2013\projects\55-3\팀플\student.c(46): warning C4244: '=' : 'double'에서 'int'(으)로 변환하면서 데이터가 손실될 수 있습니다.
     1>c:\users\채윤\documents\visual studio 2013\projects\55-3\팀플\student.c(73): warning C4244: '=' : 'double'에서 'int'(으)로 변환하면서 데이터가 손실될 수 있습니다.
     1>c:\users\채윤\documents\visual studio 2013\projects\55-3\팀플\student.c(81): warning C4028: 정식 매개 변수 1이(가) 선언과 다릅니다.
     1>c:\users\채윤\documents\visual studio 2013\projects\55-3\팀플\student.c(99): warning C4013: 'strcmp'이(가) 정의되지 않았습니다. extern은 int형을 반환하는 것으로 간주합니다.
         selectMenu.c
     1>c:\users\채윤\documents\visual studio 2013\projects\55-3\팀플\selectmenu.c(4): warning C4013: 'printf'이(가) 정의되지 않았습니다. extern은 int형을 반환하는 것으로 간주합니다.
     1>c:\users\채윤\documents\visual studio 2013\projects\55-3\팀플\selectmenu.c(12): warning C4013: 'scanf'이(가) 정의되지 않았습니다. extern은 int형을 반환하는 것으로 간주합니다.
         main.c
     1>c:\users\채윤\documents\visual studio 2013\projects\55-3\팀플\main.c(9): warning C4047: '초기화 중' : 'char'의 간접 참조 수준이 'void *'과(와) 다릅니다.
     1>c:\users\채윤\documents\visual studio 2013\projects\55-3\팀플\main.c(23): warning C4047: '함수' : 'int *'의 간접 참조 수준이 'int'과(와) 다릅니다.
     1>c:\users\채윤\documents\visual studio 2013\projects\55-3\팀플\main.c(23): warning C4024: 'AddStudentInfo' : 형식 및 실제 매개 변수 3의 형식이 서로 다릅니다.
     1>c:\users\채윤\documents\visual studio 2013\projects\55-3\팀플\main.c(57): warning C4013: 'FindStudent'이(가) 정의되지 않았습니다. extern은 int형을 반환하는 것으로 간주합니다.
     1>c:\users\채윤\documents\visual studio 2013\projects\55-3\팀플\main.c(12): warning C4101: 'name' :참조되지 않은 지역 변수입니다.
         코드를 생성하고 있습니다...
     1>c:\users\채윤\documents\visual studio 2013\projects\55-3\팀플\student.c(6): warning C4716: 'Initialize' : 값을 반환해야 합니다.
       Link:
         C:\Program Files (x86)\Microsoft Visual Studio 12.0\VC\bin\link.exe /ERRORREPORT:PROMPT /OUT:"C:\Users\채윤\Documents\Visual Studio 2013\Projects\55-3\Debug\팀플.exe" /INCREMENTAL /NOLOGO kernel32.lib user32.lib gdi32.lib winspool.lib comdlg32.lib advapi32.lib shell32.lib ole32.lib oleaut32.lib uuid.lib odbc32.lib odbccp32.lib /MANIFEST /MANIFESTUAC:"level='asInvoker' uiAccess='false'" /manifest:embed /DEBUG /PDB:"C:\Users\채윤\Documents\Visual Studio 2013\Projects\55-3\Debug\팀플.pdb" /SUBSYSTEM:CONSOLE /TLBID:1 /DYNAMICBASE /NXCOMPAT /IMPLIB:"C:\Users\채윤\Documents\Visual Studio 2013\Projects\55-3\Debug\팀플.lib" /MACHINE:X86 Debug\main.obj
         Debug\selectMenu.obj
         Debug\student.obj
         LINK : C:\Users\채윤\Documents\Visual Studio 2013\Projects\55-3\Debug\팀플.exe을(를) 찾을 수 없거나 마지막 증분 링크에 의해 빌드되지 않았습니다. 전체 링크를 수행하고 있습니다.
         팀플.vcxproj -> C:\Users\채윤\Documents\Visual Studio 2013\Projects\55-3\Debug\팀플.exe
     1>"C:\Users\채윤\Documents\Visual Studio 2013\Projects\55-3\팀플\팀플.vcxproj" 프로젝트를 빌드했습니다(Build 대상).

빌드했습니다.

경과 시간: 00:00:00.50
